-------------------------------------------------------------------------------
Test set: com.r2s.user.integration.UserControllerIntegrationTest
-------------------------------------------------------------------------------
Tests run: 7, Failures: 6, Errors: 0, Skipped: 0, Time elapsed: 27.07 s <<< FAILURE! -- in com.r2s.user.integration.UserControllerIntegrationTest
com.r2s.user.integration.UserControllerIntegrationTest.deleteUser_shouldReturn403_whenNotAdmin -- Time elapsed: 1.592 s <<< FAILURE!
java.lang.AssertionError: Status expected:<403> but was:<401>
	at org.springframework.test.util.AssertionErrors.fail(AssertionErrors.java:59)
	at org.springframework.test.util.AssertionErrors.assertEquals(AssertionErrors.java:122)
	at org.springframework.test.web.servlet.result.StatusResultMatchers.lambda$matcher$9(StatusResultMatchers.java:637)
	at org.springframework.test.web.servlet.MockMvc$1.andExpect(MockMvc.java:214)
	at com.r2s.user.integration.UserControllerIntegrationTest.deleteUser_shouldReturn403_whenNotAdmin(UserControllerIntegrationTest.java:181)
	at java.base/java.lang.reflect.Method.invoke(Method.java:568)
	at java.base/java.util.ArrayList.forEach(ArrayList.java:1511)
	at java.base/java.util.ArrayList.forEach(ArrayList.java:1511)

com.r2s.user.integration.UserControllerIntegrationTest.getAllUsers_shouldReturn403_whenUser -- Time elapsed: 0.023 s <<< FAILURE!
java.lang.AssertionError: Status expected:<403> but was:<401>
	at org.springframework.test.util.AssertionErrors.fail(AssertionErrors.java:59)
	at org.springframework.test.util.AssertionErrors.assertEquals(AssertionErrors.java:122)
	at org.springframework.test.web.servlet.result.StatusResultMatchers.lambda$matcher$9(StatusResultMatchers.java:637)
	at org.springframework.test.web.servlet.MockMvc$1.andExpect(MockMvc.java:214)
	at com.r2s.user.integration.UserControllerIntegrationTest.getAllUsers_shouldReturn403_whenUser(UserControllerIntegrationTest.java:107)
	at java.base/java.lang.reflect.Method.invoke(Method.java:568)
	at java.base/java.util.ArrayList.forEach(ArrayList.java:1511)
	at java.base/java.util.ArrayList.forEach(ArrayList.java:1511)

com.r2s.user.integration.UserControllerIntegrationTest.getMe_shouldReturn200AndProfile -- Time elapsed: 0.021 s <<< FAILURE!
java.lang.AssertionError: Status expected:<200> but was:<401>
	at org.springframework.test.util.AssertionErrors.fail(AssertionErrors.java:59)
	at org.springframework.test.util.AssertionErrors.assertEquals(AssertionErrors.java:122)
	at org.springframework.test.web.servlet.result.StatusResultMatchers.lambda$matcher$9(StatusResultMatchers.java:637)
	at org.springframework.test.web.servlet.MockMvc$1.andExpect(MockMvc.java:214)
	at com.r2s.user.integration.UserControllerIntegrationTest.getMe_shouldReturn200AndProfile(UserControllerIntegrationTest.java:118)
	at java.base/java.lang.reflect.Method.invoke(Method.java:568)
	at java.base/java.util.ArrayList.forEach(ArrayList.java:1511)
	at java.base/java.util.ArrayList.forEach(ArrayList.java:1511)

com.r2s.user.integration.UserControllerIntegrationTest.deleteUser_shouldReturn200_whenAdmin -- Time elapsed: 0.031 s <<< FAILURE!
java.lang.AssertionError: Status expected:<204> but was:<401>
	at org.springframework.test.util.AssertionErrors.fail(AssertionErrors.java:59)
	at org.springframework.test.util.AssertionErrors.assertEquals(AssertionErrors.java:122)
	at org.springframework.test.web.servlet.result.StatusResultMatchers.lambda$matcher$9(StatusResultMatchers.java:637)
	at org.springframework.test.web.servlet.MockMvc$1.andExpect(MockMvc.java:214)
	at com.r2s.user.integration.UserControllerIntegrationTest.deleteUser_shouldReturn200_whenAdmin(UserControllerIntegrationTest.java:163)
	at java.base/java.lang.reflect.Method.invoke(Method.java:568)
	at java.base/java.util.ArrayList.forEach(ArrayList.java:1511)
	at java.base/java.util.ArrayList.forEach(ArrayList.java:1511)

com.r2s.user.integration.UserControllerIntegrationTest.getAllUsers_shouldReturn200_whenAdmin -- Time elapsed: 0.021 s <<< FAILURE!
java.lang.AssertionError: Status expected:<200> but was:<401>
	at org.springframework.test.util.AssertionErrors.fail(AssertionErrors.java:59)
	at org.springframework.test.util.AssertionErrors.assertEquals(AssertionErrors.java:122)
	at org.springframework.test.web.servlet.result.StatusResultMatchers.lambda$matcher$9(StatusResultMatchers.java:637)
	at org.springframework.test.web.servlet.MockMvc$1.andExpect(MockMvc.java:214)
	at com.r2s.user.integration.UserControllerIntegrationTest.getAllUsers_shouldReturn200_whenAdmin(UserControllerIntegrationTest.java:92)
	at java.base/java.lang.reflect.Method.invoke(Method.java:568)
	at java.base/java.util.ArrayList.forEach(ArrayList.java:1511)
	at java.base/java.util.ArrayList.forEach(ArrayList.java:1511)

com.r2s.user.integration.UserControllerIntegrationTest.updateMe_shouldReturn200AndProfile -- Time elapsed: 0.027 s <<< FAILURE!
java.lang.AssertionError: Status expected:<200> but was:<401>
	at org.springframework.test.util.AssertionErrors.fail(AssertionErrors.java:59)
	at org.springframework.test.util.AssertionErrors.assertEquals(AssertionErrors.java:122)
	at org.springframework.test.web.servlet.result.StatusResultMatchers.lambda$matcher$9(StatusResultMatchers.java:637)
	at org.springframework.test.web.servlet.MockMvc$1.andExpect(MockMvc.java:214)
	at com.r2s.user.integration.UserControllerIntegrationTest.updateMe_shouldReturn200AndProfile(UserControllerIntegrationTest.java:139)
	at java.base/java.lang.reflect.Method.invoke(Method.java:568)
	at java.base/java.util.ArrayList.forEach(ArrayList.java:1511)
	at java.base/java.util.ArrayList.forEach(ArrayList.java:1511)

