-------------------------------------------------------------------------------
Test set: com.r2s.user.unit.controller.UserControllerUnitTest
-------------------------------------------------------------------------------
Tests run: 8, Failures: 1, Errors: 0, Skipped: 0, Time elapsed: 3.395 s <<< FAILURE! -- in com.r2s.user.unit.controller.UserControllerUnitTest
com.r2s.user.unit.controller.UserControllerUnitTest.getAllUsers_shouldReturn401_whenUnauthenticated -- Time elapsed: 0.023 s <<< FAILURE!
java.lang.AssertionError: Status expected:<403> but was:<401>
	at org.springframework.test.util.AssertionErrors.fail(AssertionErrors.java:59)
	at org.springframework.test.util.AssertionErrors.assertEquals(AssertionErrors.java:122)
	at org.springframework.test.web.servlet.result.StatusResultMatchers.lambda$matcher$9(StatusResultMatchers.java:637)
	at org.springframework.test.web.servlet.MockMvc$1.andExpect(MockMvc.java:214)
	at com.r2s.user.unit.controller.UserControllerUnitTest.getAllUsers_shouldReturn401_whenUnauthenticated(UserControllerUnitTest.java:146)
	at java.base/java.lang.reflect.Method.invoke(Method.java:568)
	at java.base/java.util.ArrayList.forEach(ArrayList.java:1511)
	at java.base/java.util.ArrayList.forEach(ArrayList.java:1511)

